# -------------------------------------------------------------
# Important!
# Do not change the id
# -------------------------------------------------------------

* [id] 1 [name] snow_start [file] snowstart.png [repeat] 1
* [id] 2 [name] snow_track [file] snowtrack.png [repeat] 1
* [id] 3 [name] snow_stop [file] snowstop.png [repeat] 1

* [id] 7 [name] herring_icon [file] herringicon.png [repeat] 0
* [id] 11 [name] listbox_arrows [file] listbox_arrows.png [repeat] 0

* [id] 14 [name] light_butt [file] light_butt.png [repeat] 0
* [id] 15 [name] snow_butt [file] snow_butt.png [repeat] 0
* [id] 16 [name] wind_butt [file] wind_butt.png [repeat] 0
* [id] 17 [name] menu_bottom_left [file] menu_bottom_left.png [repeat] 0
* [id] 18 [name] menu_bottom_right [file] menu_bottom_right.png [repeat] 0
* [id] 19 [name] menu_top_left [file] menu_top_left.png [repeat] 0
* [id] 20 [name] menu_top_right [file] menu_top_right.png [repeat] 0
* [id] 21 [name] tuxbonus [file] tuxbonus.png [repeat] 0
* [id] 23 [name] snow_particle [file] snowparticles.png [repeat] 0

* [id] 27 [name] ziff032 [file] ziff032.png [repeat] 0
* [id] 28 [name] mirror_butt [file] mirror_butt.png [repeat] 0
* [id] 30 [name] random_butt [file] random_butt.png [repeat] 0

* [id] 37 [name] checkbox [file] checkbox.png
* [id] 38 [name] checkmark_small [file] checkmark_small.png

* [id] 41 [name] snow1 [file] snow1.png [repeat] 0
* [id] 42 [name] snow2 [file] snow2.png [repeat] 0
* [id] 43 [name] snow3 [file] snow3.png [repeat] 0

* [id] 45 [name] gauge_icon [file] gauge.png [repeat] 0
* [id] 46 [name] chron_icon [file] chronometer.png [repeat] 0
* [id] 47 [name] arrow [file] arrow.png [repeat] 0
* [id] 48 [name] progress [file] progress.png [repeat] 0
* [id] 49 [name] tuxprogress [file] tuxprogress.png [repeat] 0
